0 info it worked if it ends with ok
1 verbose cli [ '/home/suichi/.nvm/versions/node/v6.11.4/bin/node',
1 verbose cli   '/home/suichi/.nvm/versions/node/v6.11.4/bin/npm',
1 verbose cli   'run',
1 verbose cli   'checks' ]
2 info using npm@3.10.10
3 info using node@v6.11.4
4 verbose run-script [ 'prechecks', 'checks', 'postchecks' ]
5 info lifecycle quiz@1.0.0~prechecks: quiz@1.0.0
6 silly lifecycle quiz@1.0.0~prechecks: no script for prechecks, continuing
7 info lifecycle quiz@1.0.0~checks: quiz@1.0.0
8 verbose lifecycle quiz@1.0.0~checks: unsafe-perm in lifecycle true
9 verbose lifecycle quiz@1.0.0~checks: PATH: /home/suichi/.nvm/versions/node/v6.11.4/lib/node_modules/npm/bin/node-gyp-bin:/home/suichi/Proyectos/2019-curso_servicios_nube_miriadax/node_modules/.bin:/home/suichi/anaconda2/bin:/home/suichi/anaconda2/bin:/home/suichi/.nvm/versions/node/v6.11.4/bin:/usr/local/sbin:/usr/local/bin:/usr/sbin:/usr/bin:/sbin:/bin:/usr/games:/usr/local/games:/home/suichi/bin:/usr/lib/jvm/java-8-openjdk-i386/bin:/home/suichi/bin:/usr/lib/jvm/java-8-openjdk-i386/bin
10 verbose lifecycle quiz@1.0.0~checks: CWD: /home/suichi/Proyectos/2019-curso_servicios_nube_miriadax
11 silly lifecycle quiz@1.0.0~checks: Args: [ '-c', 'node tests/launcher.js' ]
12 silly lifecycle quiz@1.0.0~checks: Returned: code: 1  signal: null
13 info lifecycle quiz@1.0.0~checks: Failed to exec checks script
14 verbose stack Error: quiz@1.0.0 checks: `node tests/launcher.js`
14 verbose stack Exit status 1
14 verbose stack     at EventEmitter.<anonymous> (/home/suichi/.nvm/versions/node/v6.11.4/lib/node_modules/npm/lib/utils/lifecycle.js:255:16)
14 verbose stack     at emitTwo (events.js:106:13)
14 verbose stack     at EventEmitter.emit (events.js:191:7)
14 verbose stack     at ChildProcess.<anonymous> (/home/suichi/.nvm/versions/node/v6.11.4/lib/node_modules/npm/lib/utils/spawn.js:40:14)
14 verbose stack     at emitTwo (events.js:106:13)
14 verbose stack     at ChildProcess.emit (events.js:191:7)
14 verbose stack     at maybeClose (internal/child_process.js:920:16)
14 verbose stack     at Process.ChildProcess._handle.onexit (internal/child_process.js:230:5)
15 verbose pkgid quiz@1.0.0
16 verbose cwd /home/suichi/Proyectos/2019-curso_servicios_nube_miriadax
17 error Linux 3.13.0-133-generic
18 error argv "/home/suichi/.nvm/versions/node/v6.11.4/bin/node" "/home/suichi/.nvm/versions/node/v6.11.4/bin/npm" "run" "checks"
19 error node v6.11.4
20 error npm  v3.10.10
21 error code ELIFECYCLE
22 error quiz@1.0.0 checks: `node tests/launcher.js`
22 error Exit status 1
23 error Failed at the quiz@1.0.0 checks script 'node tests/launcher.js'.
23 error Make sure you have the latest version of node.js and npm installed.
23 error If you do, this is most likely a problem with the quiz package,
23 error not with npm itself.
23 error Tell the author that this fails on your system:
23 error     node tests/launcher.js
23 error You can get information on how to open an issue for this project with:
23 error     npm bugs quiz
23 error Or if that isn't available, you can get their info via:
23 error     npm owner ls quiz
23 error There is likely additional logging output above.
24 verbose exit [ 1, true ]
